SF:lib/src/domain/deep_link_strategy.dart
DA:12,0
DA:25,0
DA:29,0
LF:3
LH:0
end_of_record
SF:lib/src/manager/deep_link_manager.dart
DA:15,0
DA:18,0
DA:21,0
DA:24,1
DA:30,1
DA:33,0
DA:46,2
DA:58,3
DA:65,1
DA:66,2
DA:68,6
DA:69,4
DA:74,1
DA:78,1
DA:79,0
DA:81,2
DA:83,1
DA:87,2
DA:89,2
DA:90,1
DA:93,0
DA:97,4
DA:98,1
DA:99,2
DA:100,1
DA:102,0
DA:103,0
DA:107,2
DA:110,1
DA:112,1
DA:113,0
DA:116,1
DA:119,2
DA:120,1
DA:121,3
DA:122,1
DA:125,1
DA:126,2
DA:128,2
DA:130,1
DA:131,2
DA:136,1
DA:137,1
DA:138,1
DA:140,1
DA:141,1
DA:146,0
DA:148,1
DA:152,1
DA:153,1
DA:154,1
DA:155,1
DA:156,2
DA:159,1
DA:160,1
DA:161,2
DA:165,1
DA:168,2
DA:169,1
DA:170,1
DA:172,0
DA:173,0
DA:176,3
DA:177,2
DA:178,1
DA:183,1
DA:184,1
DA:185,1
DA:188,1
DA:189,1
DA:193,1
DA:194,1
DA:197,1
DA:198,3
DA:199,1
DA:200,0
DA:201,0
DA:206,2
DA:207,2
DA:209,1
DA:211,2
DA:212,2
DA:214,0
DA:219,1
DA:220,4
DA:221,1
DA:225,1
DA:226,1
DA:227,1
DA:228,1
DA:229,1
DA:233,1
DA:234,1
DA:241,1
DA:242,2
LF:95
LH:80
end_of_record
